#
# A fatal error has been detected by the Java Runtime Environment:
#
#  EXCEPTION_ACCESS_VIOLATION (0xc0000005) at pc=0x2921d800, pid=4820, tid=0x00002f48
#
# JRE version: Java(TM) SE Runtime Environment (8.0_131-b11) (build 1.8.0_131-b11)
# Java VM: Java HotSpot(TM) Client VM (25.131-b11 mixed mode windows-x86 )
# Problematic frame:
# C  0x2921d800
#
# Failed to write core dump. Minidumps are not enabled by default on client versions of Windows
#
# If you would like to submit a bug report, please visit:
#   http://bugreport.java.com/bugreport/crash.jsp
# The crash happened outside the Java Virtual Machine in native code.
# See problematic frame for where to report the bug.
#

---------------  T H R E A D  ---------------

Current thread (0x26dc1000):  JavaThread "ForkJoinPool.commonPool-worker-1" daemon [_thread_in_native, id=12104, stack(0x2b800000,0x2b850000)]

siginfo: ExceptionCode=0xc0000005, ExceptionInformation=0x00000008 0x2921d800

Registers:
EAX=0x00000004, EBX=0x26dc1140, ECX=0x00000000, EDX=0x291d3acc
ESP=0x2b84ee58, EBP=0x2b84ee88, ESI=0x2b84eea8, EDI=0x25cb4228
EIP=0x2921d800, EFLAGS=0x00010212

Top of Stack: (sp=0x2b84ee58)
0x2b84ee58:   2b84ef40 00000000 57c58e1c 57c58efc
0x2b84ee68:   296169e8 00000000 00000002 2931aecc
0x2b84ee78:   2b11f140 2b11f140 2b84eeb4 2b84eec0
0x2b84ee88:   2b84eee8 6396753d 2921d838 2931aad8
0x2b84ee98:   2931aae0 2931aecc 000003ec 0268c014
0x2b84eea8:   00000000 00000000 00000000 2b84eedc
0x2b84eeb8:   57a00d00 26dc1000 00000006 00000008
0x2b84eec8:   26dc1000 2b11f138 2b11f140 2b11f140 

Instructions: (pc=0x2921d800)
0x2921d7e0:   65 64 53 75 62 70 61 74 68 20 70 6f 6f 6c 00 6f
0x2921d7f0:   f6 a9 cb 92 70 0d 03 88 0c 00 02 00 8d 0c b4 1b
0x2921d800:   73 74 61 72 74 4f 66 66 73 65 74 73 65 56 33 24
0x2921d810:   0a a8 cf 92 64 0e 03 8c 10 00 00 00 4c 65 66 74 


Register to memory mapping:

EAX=0x00000004 is an unknown value
EBX=0x26dc1140 is an unknown value
ECX=0x00000000 is an unknown value
EDX=0x291d3acc is an unknown value
ESP=0x2b84ee58 is pointing into the stack for thread: 0x26dc1000
EBP=0x2b84ee88 is pointing into the stack for thread: 0x26dc1000
ESI=0x2b84eea8 is pointing into the stack for thread: 0x26dc1000
EDI=0x25cb4228 is an unknown value


Stack: [0x2b800000,0x2b850000],  sp=0x2b84ee58,  free space=315k
Native frames: (J=compiled Java code, j=interpreted, Vv=VM code, C=native code)
C  0x2921d800
C  [libaapt2_jni.dll+0x2753d]
j  com.android.tools.aapt2.Aapt2Jni.nativeCompile(Ljava/util/List;Lcom/android/tools/aapt2/Aapt2JniLogCallback;)I+0
j  com.android.tools.aapt2.Aapt2Jni.compile(Ljava/util/List;)Lcom/android/tools/aapt2/Aapt2Result;+6
j  com.android.builder.internal.aapt.v2.AaptV2Jni.lambda$compile$0(Lcom/android/ide/common/res2/CompileResourceRequest;)Ljava/io/File;+10
j  com.android.builder.internal.aapt.v2.AaptV2Jni$$Lambda$284.call()Ljava/lang/Object;+8
j  java.util.concurrent.ForkJoinTask$AdaptedCallable.exec()Z+5
j  java.util.concurrent.ForkJoinTask.doExec()I+10
j  java.util.concurrent.ForkJoinPool$WorkQueue.runTask(Ljava/util/concurrent/ForkJoinTask;)V+21
j  java.util.concurrent.ForkJoinPool.runWorker(Ljava/util/concurrent/ForkJoinPool$WorkQueue;)V+35
j  java.util.concurrent.ForkJoinWorkerThread.run()V+24
v  ~StubRoutines::call_stub
V  [jvm.dll+0x15af45]
V  [jvm.dll+0x2213ae]
V  [jvm.dll+0x15afde]
V  [jvm.dll+0x15b166]
V  [jvm.dll+0x15b1d7]
V  [jvm.dll+0xff36f]
V  [jvm.dll+0x17dc30]
V  [jvm.dll+0x17e4aa]
V  [jvm.dll+0x1c2ec6]
C  [msvcr100.dll+0x5c556]
C  [msvcr100.dll+0x5c600]
C  [KERNEL32.DLL+0x162c4]
C  [ntdll.dll+0x60f79]
C  [ntdll.dll+0x60f44]
C  0x00000000

Java frames: (J=compiled Java code, j=interpreted, Vv=VM code)
j  com.android.tools.aapt2.Aapt2Jni.nativeCompile(Ljava/util/List;Lcom/android/tools/aapt2/Aapt2JniLogCallback;)I+0
j  com.android.tools.aapt2.Aapt2Jni.compile(Ljava/util/List;)Lcom/android/tools/aapt2/Aapt2Result;+6
j  com.android.builder.internal.aapt.v2.AaptV2Jni.lambda$compile$0(Lcom/android/ide/common/res2/CompileResourceRequest;)Ljava/io/File;+10
j  com.android.builder.internal.aapt.v2.AaptV2Jni$$Lambda$284.call()Ljava/lang/Object;+8
j  java.util.concurrent.ForkJoinTask$AdaptedCallable.exec()Z+5
j  java.util.concurrent.ForkJoinTask.doExec()I+10
j  java.util.concurrent.ForkJoinPool$WorkQueue.runTask(Ljava/util/concurrent/ForkJoinTask;)V+21
j  java.util.concurrent.ForkJoinPool.runWorker(Ljava/util/concurrent/ForkJoinPool$WorkQueue;)V+35
j  java.util.concurrent.ForkJoinWorkerThread.run()V+24
v  ~StubRoutines::call_stub

---------------  P R O C E S S  ---------------

Java Threads: ( => current thread )
=>0x26dc1000 JavaThread "ForkJoinPool.commonPool-worker-1" daemon [_thread_in_native, id=12104, stack(0x2b800000,0x2b850000)]
  0x26dbfc00 JavaThread "Java2D Disposer" daemon [_thread_blocked, id=6720, stack(0x2b770000,0x2b7c0000)]
  0x26dbe400 JavaThread "Worker Daemon Execution Thread 6" [_thread_blocked, id=1796, stack(0x2b6e0000,0x2b730000)]
  0x26dc0800 JavaThread "Worker Daemon Execution Thread 5" [_thread_blocked, id=3828, stack(0x2b650000,0x2b6a0000)]
  0x25e39800 JavaThread "Worker Daemon Execution Thread 4" [_thread_blocked, id=11936, stack(0x2b4c0000,0x2b510000)]
  0x25e39000 JavaThread "Worker Daemon Execution Thread 3" [_thread_in_vm, id=6544, stack(0x2b430000,0x2b480000)]
  0x25e38c00 JavaThread "Worker Daemon Execution Thread 2" [_thread_blocked, id=5912, stack(0x2b3a0000,0x2b3f0000)]
  0x25e3b800 JavaThread "Worker Daemon Execution" [_thread_blocked, id=11248, stack(0x2b310000,0x2b360000)]
  0x25e3ac00 JavaThread "Task worker for ':' Thread 7" [_thread_blocked, id=7064, stack(0x2b080000,0x2b0d0000)]
  0x25e38400 JavaThread "Task worker for ':' Thread 6" [_thread_blocked, id=3456, stack(0x2aff0000,0x2b040000)]
  0x25e39c00 JavaThread "Task worker for ':' Thread 5" [_thread_blocked, id=2344, stack(0x2af60000,0x2afb0000)]
  0x2732d800 JavaThread "Task worker for ':' Thread 4" [_thread_blocked, id=10812, stack(0x2aed0000,0x2af20000)]
  0x2732d400 JavaThread "Task worker for ':' Thread 3" [_thread_blocked, id=896, stack(0x2ae40000,0x2ae90000)]
  0x2732cc00 JavaThread "Task worker for ':' Thread 2" [_thread_blocked, id=3420, stack(0x2adb0000,0x2ae00000)]
  0x2732c400 JavaThread "Task worker for ':'" [_thread_blocked, id=5564, stack(0x2ad20000,0x2ad70000)]
  0x2732b800 JavaThread "Cache worker for task history cache (E:\DaggerDemo2\.gradle\4.1\taskHistory)" [_thread_blocked, id=11672, stack(0x2ac90000,0x2ace0000)]
  0x27330c00 JavaThread "build operations Thread 8" [_thread_blocked, id=10924, stack(0x28aa0000,0x28af0000)]
  0x27330000 JavaThread "build operations Thread 7" [_thread_blocked, id=9144, stack(0x28a10000,0x28a60000)]
  0x27330400 JavaThread "build operations Thread 6" [_thread_blocked, id=9404, stack(0x28980000,0x289d0000)]
  0x2732f800 JavaThread "build operations Thread 5" [_thread_blocked, id=1232, stack(0x288f0000,0x28940000)]
  0x2732e000 JavaThread "build operations Thread 4" [_thread_blocked, id=4776, stack(0x28860000,0x288b0000)]
  0x27331800 JavaThread "build operations Thread 3" [_thread_blocked, id=3296, stack(0x287d0000,0x28820000)]
  0x2732e400 JavaThread "build operations Thread 2" [_thread_blocked, id=6560, stack(0x28740000,0x28790000)]
  0x2732f000 JavaThread "build operations" [_thread_blocked, id=2104, stack(0x286b0000,0x28700000)]
  0x2732c000 JavaThread "Cache worker for Artifact transforms cache (C:\Users\xiangyao\.gradle\caches\transforms-1)" [_thread_blocked, id=6520, stack(0x28220000,0x28270000)]
  0x2732a000 JavaThread "Cache worker for file hash cache (E:\DaggerDemo2\.gradle\4.1\fileHashes)" [_thread_blocked, id=12184, stack(0x27b70000,0x27bc0000)]
  0x2732ec00 JavaThread "Stdin handler" [_thread_blocked, id=10716, stack(0x268f0000,0x26940000)]
  0x2732a800 JavaThread "Asynchronous log dispatcher for DefaultDaemonConnection: socket connection from /127.0.0.1:62392 to /127.0.0.1:62398" [_thread_blocked, id=7792, stack(0x26840000,0x26890000)]
  0x2732ac00 JavaThread "Cancel handler" [_thread_blocked, id=8140, stack(0x26620000,0x26670000)]
  0x2732b400 JavaThread "Handler for socket connection from /127.0.0.1:62392 to /127.0.0.1:62398" [_thread_in_native, id=6192, stack(0x26590000,0x265e0000)]
  0x27331000 JavaThread "Memory manager" [_thread_blocked, id=1612, stack(0x28f30000,0x28f80000)]
  0x25e3a400 JavaThread "File lock request listener" [_thread_in_native, id=11400, stack(0x27ae0000,0x27b30000)]
  0x25e3b000 JavaThread "Cache worker for file hash cache (C:\Users\xiangyao\.gradle\caches\4.1\fileHashes)" [_thread_blocked, id=12236, stack(0x27a50000,0x27aa0000)]
  0x25e1d800 JavaThread "Daemon worker" [_thread_blocked, id=1588, stack(0x266b0000,0x26700000)]
  0x25dbc000 JavaThread "Daemon" [_thread_blocked, id=9712, stack(0x26500000,0x26550000)]
  0x25d9f800 JavaThread "Daemon periodic checks" [_thread_blocked, id=5296, stack(0x26470000,0x264c0000)]
  0x25d55c00 JavaThread "Incoming local TCP Connector on port 62392" [_thread_in_native, id=10820, stack(0x26280000,0x262d0000)]
  0x25d05400 JavaThread "Daemon health stats" [_thread_blocked, id=4388, stack(0x260b0000,0x26100000)]
  0x24ce8c00 JavaThread "Service Thread" daemon [_thread_blocked, id=12252, stack(0x25190000,0x251e0000)]
  0x24c8d000 JavaThread "C1 CompilerThread0" daemon [_thread_blocked, id=2072, stack(0x25100000,0x25150000)]
  0x24cc2800 JavaThread "Attach Listener" daemon [_thread_blocked, id=10304, stack(0x25070000,0x250c0000)]
  0x24c89800 JavaThread "Signal Dispatcher" daemon [_thread_blocked, id=4168, stack(0x24fe0000,0x25030000)]
  0x24c78800 JavaThread "Finalizer" daemon [_thread_blocked, id=10732, stack(0x24ef0000,0x24f40000)]
  0x24c63c00 JavaThread "Reference Handler" daemon [_thread_blocked, id=2188, stack(0x24e60000,0x24eb0000)]
  0x008cc400 JavaThread "main" [_thread_blocked, id=5836, stack(0x007e0000,0x00830000)]

Other Threads:
  0x0223c400 VMThread [stack: 0x04750000,0x047a0000] [id=11800]
  0x24d48c00 WatcherThread [stack: 0x25220000,0x25270000] [id=4596]

VM state:not at safepoint (normal execution)

VM Mutex/Monitor currently owned by a thread: None

Heap:
 def new generation   total 35712K, used 6230K [0x04800000, 0x06eb0000, 0x0f2a0000)
  eden space 31808K,  10% used [0x04800000, 0x04b22e80, 0x06710000)
  from space 3904K,  77% used [0x06710000, 0x06a029c0, 0x06ae0000)
  to   space 3904K,   0% used [0x06ae0000, 0x06ae0000, 0x06eb0000)
 tenured generation   total 78892K, used 51659K [0x0f2a0000, 0x13fab000, 0x24800000)
   the space 78892K,  65% used [0x0f2a0000, 0x12512e98, 0x12513000, 0x13fab000)
 Metaspace       used 38053K, capacity 39350K, committed 39424K, reserved 40320K

Card table byte_map: [0x04640000,0x04750000] byte_map_base: 0x0461c000

Polling page: 0x00790000

CodeCache: size=32768Kb used=7211Kb max_used=7491Kb free=25556Kb
 bounds [0x02640000, 0x02d98000, 0x04640000]
 total_blobs=4429 nmethods=3929 adapters=429
 compilation: enabled

Compilation events (10 events):
Event: 10.184 Thread 0x24c8d000 4292             sun.java2d.loops.GraphicsPrimitive::getUniqueID (5 bytes)
Event: 10.184 Thread 0x24c8d000 nmethod 4292 0x0275e148 code [0x0275e240, 0x0275e2c0]
Event: 10.186 Thread 0x24c8d000 4293             sun.java2d.loops.GraphicsPrimitiveMgr$1::compare (39 bytes)
Event: 10.186 Thread 0x24c8d000 nmethod 4293 0x02767c88 code [0x02767d90, 0x02767ea0]
Event: 10.186 Thread 0x24c8d000 4294             java.util.TimSort::mergeLo (659 bytes)
Event: 10.187 Thread 0x24c8d000 nmethod 4294 0x02760408 code [0x02760620, 0x027618f0]
Event: 10.187 Thread 0x24c8d000 4295             java.util.TimSort::mergeHi (732 bytes)
Event: 10.189 Thread 0x24c8d000 nmethod 4295 0x02990408 code [0x02990620, 0x02991920]
Event: 10.189 Thread 0x24c8d000 4296             sun.java2d.loops.SurfaceType::getUniqueID (5 bytes)
Event: 10.189 Thread 0x24c8d000 nmethod 4296 0x02764bc8 code [0x02764cc0, 0x02764d40]

GC Heap History (10 events):
Event: 9.198 GC heap before
{Heap before GC invocations=99 (full 4):
 def new generation   total 21312K, used 19365K [0x04800000, 0x05f10000, 0x0f2a0000)
  eden space 19008K, 100% used [0x04800000, 0x05a90000, 0x05a90000)
  from space 2304K,  15% used [0x05a90000, 0x05ae9448, 0x05cd0000)
  to   space 2304K,   0% used [0x05cd0000, 0x05cd0000, 0x05f10000)
 tenured generation   total 47020K, used 45216K [0x0f2a0000, 0x1208b000, 0x24800000)
   the space 47020K,  96% used [0x0f2a0000, 0x11ec81d0, 0x11ec8200, 0x1208b000)
 Metaspace       used 35591K, capacity 36815K, committed 36864K, reserved 37248K
Event: 9.201 GC heap after
Heap after GC invocations=100 (full 4):
 def new generation   total 21312K, used 898K [0x04800000, 0x05f10000, 0x0f2a0000)
  eden space 19008K,   0% used [0x04800000, 0x04800000, 0x05a90000)
  from space 2304K,  38% used [0x05cd0000, 0x05db08b8, 0x05f10000)
  to   space 2304K,   0% used [0x05a90000, 0x05a90000, 0x05cd0000)
 tenured generation   total 47020K, used 45216K [0x0f2a0000, 0x1208b000, 0x24800000)
   the space 47020K,  96% used [0x0f2a0000, 0x11ec81d0, 0x11ec8200, 0x1208b000)
 Metaspace       used 35591K, capacity 36815K, committed 36864K, reserved 37248K
}
Event: 9.422 GC heap before
{Heap before GC invocations=100 (full 4):
 def new generation   total 21312K, used 19906K [0x04800000, 0x05f10000, 0x0f2a0000)
  eden space 19008K, 100% used [0x04800000, 0x05a90000, 0x05a90000)
  from space 2304K,  38% used [0x05cd0000, 0x05db08b8, 0x05f10000)
  to   space 2304K,   0% used [0x05a90000, 0x05a90000, 0x05cd0000)
 tenured generation   total 47020K, used 45216K [0x0f2a0000, 0x1208b000, 0x24800000)
   the space 47020K,  96% used [0x0f2a0000, 0x11ec81d0, 0x11ec8200, 0x1208b000)
 Metaspace       used 35950K, capacity 37237K, committed 37248K, reserved 37248K
Event: 9.431 GC heap after
Heap after GC invocations=101 (full 4):
 def new generation   total 21312K, used 2304K [0x04800000, 0x05f10000, 0x0f2a0000)
  eden space 19008K,   0% used [0x04800000, 0x04800000, 0x05a90000)
  from space 2304K, 100% used [0x05a90000, 0x05cd0000, 0x05cd0000)
  to   space 2304K,   0% used [0x05cd0000, 0x05cd0000, 0x05f10000)
 tenured generation   total 47020K, used 45881K [0x0f2a0000, 0x1208b000, 0x24800000)
   the space 47020K,  97% used [0x0f2a0000, 0x11f6e438, 0x11f6e600, 0x1208b000)
 Metaspace       used 35950K, capacity 37237K, committed 37248K, reserved 37248K
}
Event: 9.717 GC heap before
{Heap before GC invocations=101 (full 4):
 def new generation   total 21312K, used 21312K [0x04800000, 0x05f10000, 0x0f2a0000)
  eden space 19008K, 100% used [0x04800000, 0x05a90000, 0x05a90000)
  from space 2304K, 100% used [0x05a90000, 0x05cd0000, 0x05cd0000)
  to   space 2304K,   0% used [0x05cd0000, 0x05cd0000, 0x05f10000)
 tenured generation   total 47020K, used 45881K [0x0f2a0000, 0x1208b000, 0x24800000)
   the space 47020K,  97% used [0x0f2a0000, 0x11f6e438, 0x11f6e600, 0x1208b000)
 Metaspace       used 36559K, capacity 37821K, committed 37888K, reserved 38272K
Event: 9.837 GC heap after
Heap after GC invocations=102 (full 5):
 def new generation   total 35712K, used 0K [0x04800000, 0x06eb0000, 0x0f2a0000)
  eden space 31808K,   0% used [0x04800000, 0x04800000, 0x06710000)
  from space 3904K,   0% used [0x06710000, 0x06710000, 0x06ae0000)
  to   space 3904K,   0% used [0x06ae0000, 0x06ae0000, 0x06eb0000)
 tenured generation   total 78892K, used 47335K [0x0f2a0000, 0x13fab000, 0x24800000)
   the space 78892K,  59% used [0x0f2a0000, 0x120d9cc0, 0x120d9e00, 0x13fab000)
 Metaspace       used 36559K, capacity 37821K, committed 37888K, reserved 38272K
}
Event: 10.021 GC heap before
{Heap before GC invocations=102 (full 5):
 def new generation   total 35712K, used 31808K [0x04800000, 0x06eb0000, 0x0f2a0000)
  eden space 31808K, 100% used [0x04800000, 0x06710000, 0x06710000)
  from space 3904K,   0% used [0x06710000, 0x06710000, 0x06ae0000)
  to   space 3904K,   0% used [0x06ae0000, 0x06ae0000, 0x06eb0000)
 tenured generation   total 78892K, used 47335K [0x0f2a0000, 0x13fab000, 0x24800000)
   the space 78892K,  59% used [0x0f2a0000, 0x120d9cc0, 0x120d9e00, 0x13fab000)
 Metaspace       used 36598K, capacity 37855K, committed 37888K, reserved 38272K
Event: 10.031 GC heap after
Heap after GC invocations=103 (full 5):
 def new generation   total 35712K, used 3904K [0x04800000, 0x06eb0000, 0x0f2a0000)
  eden space 31808K,   0% used [0x04800000, 0x04800000, 0x06710000)
  from space 3904K, 100% used [0x06ae0000, 0x06eb0000, 0x06eb0000)
  to   space 3904K,   0% used [0x06710000, 0x06710000, 0x06ae0000)
 tenured generation   total 78892K, used 47812K [0x0f2a0000, 0x13fab000, 0x24800000)
   the space 78892K,  60% used [0x0f2a0000, 0x12151358, 0x12151400, 0x13fab000)
 Metaspace       used 36598K, capacity 37855K, committed 37888K, reserved 38272K
}
Event: 10.161 GC heap before
{Heap before GC invocations=103 (full 5):
 def new generation   total 35712K, used 35620K [0x04800000, 0x06eb0000, 0x0f2a0000)
  eden space 31808K,  99% used [0x04800000, 0x066f9238, 0x06710000)
  from space 3904K, 100% used [0x06ae0000, 0x06eb0000, 0x06eb0000)
  to   space 3904K,   0% used [0x06710000, 0x06710000, 0x06ae0000)
 tenured generation   total 78892K, used 47812K [0x0f2a0000, 0x13fab000, 0x24800000)
   the space 78892K,  60% used [0x0f2a0000, 0x12151358, 0x12151400, 0x13fab000)
 Metaspace       used 37626K, capacity 38900K, committed 39040K, reserved 39296K
Event: 10.175 GC heap after
Heap after GC invocations=104 (full 5):
 def new generation   total 35712K, used 3018K [0x04800000, 0x06eb0000, 0x0f2a0000)
  eden space 31808K,   0% used [0x04800000, 0x04800000, 0x06710000)
  from space 3904K,  77% used [0x06710000, 0x06a029c0, 0x06ae0000)
  to   space 3904K,   0% used [0x06ae0000, 0x06ae0000, 0x06eb0000)
 tenured generation   total 78892K, used 51659K [0x0f2a0000, 0x13fab000, 0x24800000)
   the space 78892K,  65% used [0x0f2a0000, 0x12512e98, 0x12513000, 0x13fab000)
 Metaspace       used 37626K, capacity 38900K, committed 39040K, reserved 39296K
}

Deoptimization events (0 events):
No events

Internal exceptions (10 events):
Event: 10.102 Thread 0x25e1d800 Exception <a 'java/lang/NoSuchMethodError': <clinit>> (0x05515838) thrown at [C:\re\workspace\8-2-build-windows-i586-cygwin\jdk8u131\8869\hotspot\src\share\vm\prims\jni.cpp, line 1613]
Event: 10.103 Thread 0x25e1d800 Exception <a 'java/lang/NoSuchMethodError': <clinit>> (0x0553b830) thrown at [C:\re\workspace\8-2-build-windows-i586-cygwin\jdk8u131\8869\hotspot\src\share\vm\prims\jni.cpp, line 1613]
Event: 10.103 Thread 0x25e1d800 Exception <a 'java/lang/NoSuchMethodError': <clinit>> (0x05543538) thrown at [C:\re\workspace\8-2-build-windows-i586-cygwin\jdk8u131\8869\hotspot\src\share\vm\prims\jni.cpp, line 1613]
Event: 10.103 Thread 0x25e1d800 Exception <a 'java/lang/NoSuchMethodError': <clinit>> (0x05546880) thrown at [C:\re\workspace\8-2-build-windows-i586-cygwin\jdk8u131\8869\hotspot\src\share\vm\prims\jni.cpp, line 1613]
Event: 10.104 Thread 0x25e1d800 Exception <a 'java/lang/NoSuchMethodError': <clinit>> (0x0555d270) thrown at [C:\re\workspace\8-2-build-windows-i586-cygwin\jdk8u131\8869\hotspot\src\share\vm\prims\jni.cpp, line 1613]
Event: 10.104 Thread 0x25e1d800 Exception <a 'java/lang/NoSuchMethodError': <clinit>> (0x0557a6d8) thrown at [C:\re\workspace\8-2-build-windows-i586-cygwin\jdk8u131\8869\hotspot\src\share\vm\prims\jni.cpp, line 1613]
Event: 10.104 Thread 0x25e1d800 Exception <a 'java/lang/NoSuchMethodError': <clinit>> (0x0557d558) thrown at [C:\re\workspace\8-2-build-windows-i586-cygwin\jdk8u131\8869\hotspot\src\share\vm\prims\jni.cpp, line 1613]
Event: 10.105 Thread 0x25e1d800 Exception <a 'java/lang/NoSuchMethodError': <clinit>> (0x0558c328) thrown at [C:\re\workspace\8-2-build-windows-i586-cygwin\jdk8u131\8869\hotspot\src\share\vm\prims\jni.cpp, line 1613]
Event: 10.141 Thread 0x25e39800 Exception <a 'java/io/FileNotFoundException'> (0x063840b8) thrown at [C:\re\workspace\8-2-build-windows-i586-cygwin\jdk8u131\8869\hotspot\src\share\vm\prims\jni.cpp, line 709]
Event: 10.154 Thread 0x25e38c00 Exception <a 'java/io/FileNotFoundException'> (0x066e19b0) thrown at [C:\re\workspace\8-2-build-windows-i586-cygwin\jdk8u131\8869\hotspot\src\share\vm\prims\jni.cpp, line 709]

Events (10 events):
Event: 10.189 Thread 0x24c8d000 flushing nmethod 0x0276d608
Event: 10.189 Thread 0x24c8d000 flushing nmethod 0x0276db88
Event: 10.189 Thread 0x24c8d000 flushing nmethod 0x0276dfc8
Event: 10.189 Thread 0x24c8d000 flushing nmethod 0x0276e648
Event: 10.189 loading class com/android/tools/aapt2/AutoValue_Aapt2Result$Builder
Event: 10.189 loading class com/android/tools/aapt2/AutoValue_Aapt2Result$Builder done
Event: 10.189 loading class com/android/tools/aapt2/AutoValue_Aapt2Result
Event: 10.189 loading class com/android/tools/aapt2/AutoValue_Aapt2Result done
Event: 10.189 loading class java/awt/geom/Line2D
Event: 10.189 loading class java/awt/geom/Line2D done


Dynamic libraries:
0x00310000 - 0x00343000 	C:\Program Files (x86)\Java\jdk1.8.0_131\bin\java.exe
0x776c0000 - 0x77843000 	C:\Windows\SYSTEM32\ntdll.dll
0x77000000 - 0x770e0000 	C:\Windows\System32\KERNEL32.DLL
0x766d0000 - 0x76871000 	C:\Windows\System32\KERNELBASE.dll
0x73200000 - 0x73292000 	C:\Windows\system32\apphelp.dll
0x757a0000 - 0x75817000 	C:\Windows\System32\ADVAPI32.dll
0x769b0000 - 0x76a6e000 	C:\Windows\System32\msvcrt.dll
0x76450000 - 0x76491000 	C:\Windows\System32\sechost.dll
0x76380000 - 0x76441000 	C:\Windows\System32\RPCRT4.dll
0x74180000 - 0x7419f000 	C:\Windows\System32\SspiCli.dll
0x74170000 - 0x7417a000 	C:\Windows\System32\CRYPTBASE.dll
0x75820000 - 0x7587a000 	C:\Windows\System32\bcryptPrimitives.dll
0x77210000 - 0x7736f000 	C:\Windows\System32\USER32.dll
0x75710000 - 0x75725000 	C:\Windows\System32\win32u.dll
0x76920000 - 0x7694b000 	C:\Windows\System32\GDI32.dll
0x76050000 - 0x761aa000 	C:\Windows\System32\gdi32full.dll
0x71300000 - 0x7150a000 	C:\Windows\WinSxS\x86_microsoft.windows.common-controls_6595b64144ccf1df_6.0.14393.953_none_89c2555adb023171\COMCTL32.dll
0x774a0000 - 0x776b1000 	C:\Windows\System32\combase.dll
0x76b10000 - 0x76bf0000 	C:\Windows\System32\ucrtbase.dll
0x77470000 - 0x77495000 	C:\Windows\System32\IMM32.DLL
0x68050000 - 0x6810f000 	C:\Program Files (x86)\Java\jdk1.8.0_131\jre\bin\msvcr100.dll
0x57980000 - 0x57d4e000 	C:\Program Files (x86)\Java\jdk1.8.0_131\jre\bin\client\jvm.dll
0x76200000 - 0x76206000 	C:\Windows\System32\PSAPI.DLL
0x73d50000 - 0x73d74000 	C:\Windows\SYSTEM32\WINMM.dll
0x6fd10000 - 0x6fd18000 	C:\Windows\SYSTEM32\WSOCK32.dll
0x74130000 - 0x74138000 	C:\Windows\SYSTEM32\VERSION.dll
0x75730000 - 0x75793000 	C:\Windows\System32\WS2_32.dll
0x73d20000 - 0x73d43000 	C:\Windows\SYSTEM32\WINMMBASE.dll
0x770e0000 - 0x77116000 	C:\Windows\System32\cfgmgr32.dll
0x6fd80000 - 0x6fd8c000 	C:\Program Files (x86)\Java\jdk1.8.0_131\jre\bin\verify.dll
0x6fd50000 - 0x6fd71000 	C:\Program Files (x86)\Java\jdk1.8.0_131\jre\bin\java.dll
0x6fd30000 - 0x6fd43000 	C:\Program Files (x86)\Java\jdk1.8.0_131\jre\bin\zip.dll
0x741b0000 - 0x75588000 	C:\Windows\System32\SHELL32.dll
0x75910000 - 0x75e7e000 	C:\Windows\System32\windows.storage.dll
0x75e80000 - 0x75ec5000 	C:\Windows\System32\powrprof.dll
0x76230000 - 0x76276000 	C:\Windows\System32\shlwapi.dll
0x75ed0000 - 0x75edd000 	C:\Windows\System32\kernel.appcore.dll
0x76a80000 - 0x76b08000 	C:\Windows\System32\shcore.dll
0x77370000 - 0x7737f000 	C:\Windows\System32\profapi.dll
0x68540000 - 0x68556000 	C:\Program Files (x86)\Java\jdk1.8.0_131\jre\bin\net.dll
0x72200000 - 0x7224e000 	C:\Windows\system32\mswsock.dll
0x6fd20000 - 0x6fd2f000 	C:\Program Files (x86)\Java\jdk1.8.0_131\jre\bin\nio.dll
0x684f0000 - 0x68509000 	C:\Users\xiangyao\.gradle\native\25\windows-i386\native-platform.dll
0x68040000 - 0x6804a000 	C:\Program Files (x86)\Java\jdk1.8.0_131\jre\bin\management.dll
0x72a10000 - 0x72a23000 	C:\Windows\SYSTEM32\CRYPTSP.dll
0x729e0000 - 0x72a0f000 	C:\Windows\system32\rsaenh.dll
0x72260000 - 0x7227b000 	C:\Windows\SYSTEM32\bcrypt.dll
0x74150000 - 0x7416a000 	C:\Windows\SYSTEM32\USERENV.dll
0x73ff0000 - 0x7401f000 	C:\Windows\SYSTEM32\IPHLPAPI.DLL
0x741a0000 - 0x741a7000 	C:\Windows\System32\NSI.dll
0x72280000 - 0x72293000 	C:\Windows\SYSTEM32\dhcpcsvc6.DLL
0x73cb0000 - 0x73cc4000 	C:\Windows\SYSTEM32\dhcpcsvc.DLL
0x64b40000 - 0x64b58000 	C:\Users\xiangyao\AppData\Local\Temp\aapt2_7268597636313530730\libwinpthread-1.dll
0x63940000 - 0x63c05000 	C:\Users\xiangyao\AppData\Local\Temp\aapt2_7268597636313530730\libaapt2_jni.dll
0x575f0000 - 0x57735000 	C:\Program Files (x86)\Java\jdk1.8.0_131\jre\bin\awt.dll
0x76880000 - 0x76914000 	C:\Windows\System32\OLEAUT32.dll
0x77390000 - 0x7740b000 	C:\Windows\System32\msvcp_win.dll
0x6fe20000 - 0x6fe3f000 	C:\Windows\system32\DWMAPI.DLL
0x6fe40000 - 0x6feb5000 	C:\Windows\system32\uxtheme.dll
0x65f00000 - 0x65f24000 	C:\Program Files (x86)\Java\jdk1.8.0_131\jre\bin\dcpr.dll
0x72850000 - 0x72995000 	C:\Windows\SYSTEM32\dbghelp.dll

VM Arguments:
jvm_args: -Xmx512m -Dfile.encoding=GBK -Duser.country=CN -Duser.language=zh -Duser.variant 
java_command: org.gradle.launcher.daemon.bootstrap.GradleDaemon 4.1
java_class_path (initial): C:\Users\xiangyao\.gradle\wrapper\dists\gradle-4.1-all\bzyivzo6n839fup2jbap0tjew\gradle-4.1\lib\gradle-launcher-4.1.jar
Launcher Type: SUN_STANDARD

Environment Variables:
JAVA_HOME=C:\Program Files (x86)\Java\jdk1.8.0_131
PATH=C:\ProgramData\Oracle\Java\javapath;C:\Program Files (x86)\Intel\iCLS Client\;C:\Program Files\Intel\iCLS Client\;C:\Windows\system32;C:\Windows;C:\Windows\System32\Wbem;C:\Windows\System32\WindowsPowerShell\v1.0\;C:\Program Files (x86)\Intel\Intel(R) Management Engine Components\DAL;C:\Program Files\Intel\Intel(R) Management Engine Components\DAL;C:\Program Files (x86)\Intel\Intel(R) Management Engine Components\IPT;C:\Program Files\Intel\Intel(R) Management Engine Components\IPT;C:\Program Files\Intel\WiFi\bin\;C:\Program Files\Common Files\Intel\WirelessCommon\;C:\Program Files (x86)\NVIDIA Corporation\PhysX\Common;C:\Program Files\TortoiseSVN\bin;C:\Program Files (x86)\Java\jdk1.8.0_131\bin;D:\as_conponets\platform-tools;C:\Users\xiangyao\AppData\Local\Microsoft\WindowsApps;
USERNAME=xiangyao
OS=Windows_NT
PROCESSOR_IDENTIFIER=Intel64 Family 6 Model 158 Stepping 9, GenuineIntel



---------------  S Y S T E M  ---------------

OS: Windows 10.0 , 64 bit Build 14393 (10.0.14393.1198)

CPU:total 8 (initial active 8) (4 cores per cpu, 2 threads per core) family 6 model 158 stepping 9, cmov, cx8, fxsr, mmx, sse, sse2, sse3, ssse3, sse4.1, sse4.2, popcnt, avx, avx2, aes, clmul, erms, 3dnowpref, lzcnt, ht, tsc, tscinvbit, bmi1, bmi2, adx

Memory: 4k page, physical 8306484k(1826320k free), swap 13025076k(3547740k free)

vm_info: Java HotSpot(TM) Client VM (25.131-b11) for windows-x86 JRE (1.8.0_131-b11), built on Mar 15 2017 01:26:29 by "java_re" with MS VC++ 10.0 (VS2010)

time: Sat Nov 11 19:09:27 2017
elapsed time: 10 seconds (0d 0h 0m 10s)

