#
# A fatal error has been detected by the Java Runtime Environment:
#
#  EXCEPTION_ACCESS_VIOLATION (0xc0000005) at pc=0x29bf0b00, pid=10572, tid=0x0000131c
#
# JRE version: Java(TM) SE Runtime Environment (8.0_131-b11) (build 1.8.0_131-b11)
# Java VM: Java HotSpot(TM) Client VM (25.131-b11 mixed mode windows-x86 )
# Problematic frame:
# C  0x29bf0b00
#
# Failed to write core dump. Minidumps are not enabled by default on client versions of Windows
#
# If you would like to submit a bug report, please visit:
#   http://bugreport.java.com/bugreport/crash.jsp
# The crash happened outside the Java Virtual Machine in native code.
# See problematic frame for where to report the bug.
#

---------------  T H R E A D  ---------------

Current thread (0x29c08000):  JavaThread "ForkJoinPool.commonPool-worker-1" daemon [_thread_in_native, id=4892, stack(0x2bdc0000,0x2be10000)]

siginfo: ExceptionCode=0xc0000005, ExceptionInformation=0x00000008 0x29bf0b00

Registers:
EAX=0x00000004, EBX=0x29c08140, ECX=0x00000000, EDX=0x27a09714
ESP=0x2be0f658, EBP=0x2be0f688, ESI=0x2be0f6a8, EDI=0x29db8138
EIP=0x29bf0b00, EFLAGS=0x00010212

Top of Stack: (sp=0x2be0f658)
0x2be0f658:   2be0f740 00000000 57c58e1c 57c58efc
0x2be0f668:   29e2cd80 00000000 00000002 29b263c4
0x2be0f678:   2b1b7df8 2b1b7df8 2be0f6b4 2be0f6c0
0x2be0f688:   2be0f6e8 6396753d 29bf0bc0 29b25fd0
0x2be0f698:   29b25fd8 29b263c4 000003ec 02eebf73
0x2be0f6a8:   00000000 00000000 00000000 2be0f6dc
0x2be0f6b8:   57a00d00 29c08000 00000006 00000008
0x2be0f6c8:   29c08000 2b1b7df0 2b1b7df8 2b1b7df8 

Instructions: (pc=0x29bf0b00)
0x29bf0ae0:   0e 00 01 00 12 cc 95 6e 73 65 72 69 61 6c 69 7a
0x29bf0af0:   65 72 50 61 69 72 00 00 5f b1 b0 6f 00 23 00 88
0x29bf0b00:   0a 00 01 00 71 8c b9 09 74 6f 50 6f 73 69 74 69
0x29bf0b10:   6f 6e 00 00 00 00 00 00 63 b1 b4 6f 00 24 00 88 


Register to memory mapping:

EAX=0x00000004 is an unknown value
EBX=0x29c08140 is an unknown value
ECX=0x00000000 is an unknown value
EDX=0x27a09714 is an unknown value
ESP=0x2be0f658 is pointing into the stack for thread: 0x29c08000
EBP=0x2be0f688 is pointing into the stack for thread: 0x29c08000
ESI=0x2be0f6a8 is pointing into the stack for thread: 0x29c08000
EDI=0x29db8138 is an unknown value


Stack: [0x2bdc0000,0x2be10000],  sp=0x2be0f658,  free space=317k
Native frames: (J=compiled Java code, j=interpreted, Vv=VM code, C=native code)
C  0x29bf0b00
C  [libaapt2_jni.dll+0x2753d]
j  com.android.tools.aapt2.Aapt2Jni.nativeCompile(Ljava/util/List;Lcom/android/tools/aapt2/Aapt2JniLogCallback;)I+0
j  com.android.tools.aapt2.Aapt2Jni.compile(Ljava/util/List;)Lcom/android/tools/aapt2/Aapt2Result;+6
j  com.android.builder.internal.aapt.v2.AaptV2Jni.lambda$compile$0(Lcom/android/ide/common/res2/CompileResourceRequest;)Ljava/io/File;+10
j  com.android.builder.internal.aapt.v2.AaptV2Jni$$Lambda$278.call()Ljava/lang/Object;+8
j  java.util.concurrent.ForkJoinTask$AdaptedCallable.exec()Z+5
j  java.util.concurrent.ForkJoinTask.doExec()I+10
j  java.util.concurrent.ForkJoinPool$WorkQueue.runTask(Ljava/util/concurrent/ForkJoinTask;)V+21
j  java.util.concurrent.ForkJoinPool.runWorker(Ljava/util/concurrent/ForkJoinPool$WorkQueue;)V+35
j  java.util.concurrent.ForkJoinWorkerThread.run()V+24
v  ~StubRoutines::call_stub
V  [jvm.dll+0x15af45]
V  [jvm.dll+0x2213ae]
V  [jvm.dll+0x15afde]
V  [jvm.dll+0x15b166]
V  [jvm.dll+0x15b1d7]
V  [jvm.dll+0xff36f]
V  [jvm.dll+0x17dc30]
V  [jvm.dll+0x17e4aa]
V  [jvm.dll+0x1c2ec6]
C  [msvcr100.dll+0x5c556]
C  [msvcr100.dll+0x5c600]
C  [KERNEL32.DLL+0x162c4]
C  [ntdll.dll+0x60f79]
C  [ntdll.dll+0x60f44]
C  0x00000000

Java frames: (J=compiled Java code, j=interpreted, Vv=VM code)
j  com.android.tools.aapt2.Aapt2Jni.nativeCompile(Ljava/util/List;Lcom/android/tools/aapt2/Aapt2JniLogCallback;)I+0
j  com.android.tools.aapt2.Aapt2Jni.compile(Ljava/util/List;)Lcom/android/tools/aapt2/Aapt2Result;+6
j  com.android.builder.internal.aapt.v2.AaptV2Jni.lambda$compile$0(Lcom/android/ide/common/res2/CompileResourceRequest;)Ljava/io/File;+10
j  com.android.builder.internal.aapt.v2.AaptV2Jni$$Lambda$278.call()Ljava/lang/Object;+8
j  java.util.concurrent.ForkJoinTask$AdaptedCallable.exec()Z+5
j  java.util.concurrent.ForkJoinTask.doExec()I+10
j  java.util.concurrent.ForkJoinPool$WorkQueue.runTask(Ljava/util/concurrent/ForkJoinTask;)V+21
j  java.util.concurrent.ForkJoinPool.runWorker(Ljava/util/concurrent/ForkJoinPool$WorkQueue;)V+35
j  java.util.concurrent.ForkJoinWorkerThread.run()V+24
v  ~StubRoutines::call_stub

---------------  P R O C E S S  ---------------

Java Threads: ( => current thread )
=>0x29c08000 JavaThread "ForkJoinPool.commonPool-worker-1" daemon [_thread_in_native, id=4892, stack(0x2bdc0000,0x2be10000)]
  0x27b76c00 JavaThread "Java2D Disposer" daemon [_thread_blocked, id=5028, stack(0x2bcf0000,0x2bd40000)]
  0x27b76400 JavaThread "Worker Daemon Execution Thread 6" [_thread_blocked, id=6344, stack(0x2bc60000,0x2bcb0000)]
  0x27b74400 JavaThread "Worker Daemon Execution Thread 5" [_thread_blocked, id=2988, stack(0x2bad0000,0x2bb20000)]
  0x27b74000 JavaThread "Worker Daemon Execution Thread 4" [_thread_blocked, id=10272, stack(0x2ba40000,0x2ba90000)]
  0x27b75800 JavaThread "Worker Daemon Execution Thread 3" [_thread_blocked, id=11336, stack(0x2b9b0000,0x2ba00000)]
  0x27b74c00 JavaThread "Worker Daemon Execution Thread 2" [_thread_blocked, id=5892, stack(0x2b920000,0x2b970000)]
  0x27b7a400 JavaThread "Worker Daemon Execution" [_thread_blocked, id=10860, stack(0x2b890000,0x2b8e0000)]
  0x27b77800 JavaThread "Task worker for ':' Thread 7" [_thread_blocked, id=12152, stack(0x2b600000,0x2b650000)]
  0x27b7b000 JavaThread "Task worker for ':' Thread 6" [_thread_blocked, id=10796, stack(0x2b570000,0x2b5c0000)]
  0x27b77000 JavaThread "Task worker for ':' Thread 5" [_thread_blocked, id=10852, stack(0x2b4e0000,0x2b530000)]
  0x27b79800 JavaThread "Task worker for ':' Thread 4" [_thread_blocked, id=12176, stack(0x2b450000,0x2b4a0000)]
  0x27b75c00 JavaThread "Task worker for ':' Thread 3" [_thread_blocked, id=10004, stack(0x2b3c0000,0x2b410000)]
  0x27b79000 JavaThread "Task worker for ':' Thread 2" [_thread_blocked, id=10980, stack(0x2b330000,0x2b380000)]
  0x27b79c00 JavaThread "Task worker for ':'" [_thread_blocked, id=6244, stack(0x2b2a0000,0x2b2f0000)]
  0x27b7a800 JavaThread "Cache worker for task history cache (E:\DaggerDemo2\.gradle\4.1\taskHistory)" [_thread_blocked, id=6216, stack(0x2b210000,0x2b260000)]
  0x27b73800 JavaThread "Cache worker for file content cache (E:\DaggerDemo2\.gradle\4.1\fileContent)" [_thread_blocked, id=7880, stack(0x2b080000,0x2b0d0000)]
  0x27b78400 JavaThread "Memory manager" [_thread_blocked, id=11432, stack(0x29820000,0x29870000)]
  0x27b75000 JavaThread "build operations Thread 8" [_thread_blocked, id=4384, stack(0x29390000,0x293e0000)]
  0x27b78800 JavaThread "build operations Thread 7" [_thread_blocked, id=6392, stack(0x29300000,0x29350000)]
  0x27b77c00 JavaThread "build operations Thread 6" [_thread_blocked, id=4196, stack(0x29270000,0x292c0000)]
  0x272e7c00 JavaThread "build operations Thread 5" [_thread_blocked, id=11924, stack(0x291e0000,0x29230000)]
  0x272e8800 JavaThread "build operations Thread 4" [_thread_blocked, id=240, stack(0x29150000,0x291a0000)]
  0x272eb400 JavaThread "build operations Thread 3" [_thread_blocked, id=3820, stack(0x290c0000,0x29110000)]
  0x272e8400 JavaThread "build operations Thread 2" [_thread_blocked, id=8400, stack(0x29030000,0x29080000)]
  0x272e9000 JavaThread "build operations" [_thread_blocked, id=9628, stack(0x28fa0000,0x28ff0000)]
  0x272eb000 JavaThread "Cache worker for Artifact transforms cache (C:\Users\xiangyao\.gradle\caches\transforms-1)" [_thread_blocked, id=11696, stack(0x28d10000,0x28d60000)]
  0x272ea800 JavaThread "Cache worker for file hash cache (E:\DaggerDemo2\.gradle\4.1\fileHashes)" [_thread_blocked, id=9600, stack(0x28460000,0x284b0000)]
  0x272e9c00 JavaThread "File lock request listener" [_thread_in_native, id=10804, stack(0x283d0000,0x28420000)]
  0x272ea000 JavaThread "Cache worker for file hash cache (C:\Users\xiangyao\.gradle\caches\4.1\fileHashes)" [_thread_blocked, id=11224, stack(0x28340000,0x28390000)]
  0x26717000 JavaThread "Stdin handler" [_thread_blocked, id=11408, stack(0x271e0000,0x27230000)]
  0x26716c00 JavaThread "Asynchronous log dispatcher for DefaultDaemonConnection: socket connection from /127.0.0.1:62406 to /127.0.0.1:62407" [_thread_blocked, id=3084, stack(0x27130000,0x27180000)]
  0x26713800 JavaThread "Daemon worker" [_thread_blocked, id=5548, stack(0x26fa0000,0x26ff0000)]
  0x2670b000 JavaThread "Cancel handler" [_thread_blocked, id=9636, stack(0x26f10000,0x26f60000)]
  0x2668dc00 JavaThread "Handler for socket connection from /127.0.0.1:62406 to /127.0.0.1:62407" [_thread_in_native, id=6324, stack(0x26e80000,0x26ed0000)]
  0x2668d800 JavaThread "Daemon" [_thread_blocked, id=4564, stack(0x26df0000,0x26e40000)]
  0x2665d400 JavaThread "Daemon periodic checks" [_thread_blocked, id=4516, stack(0x26d60000,0x26db0000)]
  0x26668000 JavaThread "Incoming local TCP Connector on port 62406" [_thread_in_native, id=2796, stack(0x26b70000,0x26bc0000)]
  0x26600c00 JavaThread "Daemon health stats" [_thread_blocked, id=11428, stack(0x269a0000,0x269f0000)]
  0x2559ac00 JavaThread "Service Thread" daemon [_thread_blocked, id=5696, stack(0x25a80000,0x25ad0000)]
  0x2553d000 JavaThread "C1 CompilerThread0" daemon [_thread_blocked, id=11324, stack(0x259f0000,0x25a40000)]
  0x25572800 JavaThread "Attach Listener" daemon [_thread_blocked, id=9440, stack(0x25960000,0x259b0000)]
  0x25539800 JavaThread "Signal Dispatcher" daemon [_thread_blocked, id=5372, stack(0x258d0000,0x25920000)]
  0x25528800 JavaThread "Finalizer" daemon [_thread_blocked, id=10328, stack(0x257e0000,0x25830000)]
  0x25513c00 JavaThread "Reference Handler" daemon [_thread_blocked, id=7024, stack(0x25750000,0x257a0000)]
  0x010ac400 JavaThread "main" [_thread_blocked, id=4852, stack(0x010b0000,0x01100000)]

Other Threads:
  0x02a7c400 VMThread [stack: 0x04fb0000,0x05000000] [id=4900]
  0x255f7c00 WatcherThread [stack: 0x25b10000,0x25b60000] [id=11096]

VM state:not at safepoint (normal execution)

VM Mutex/Monitor currently owned by a thread: None

Heap:
 def new generation   total 21376K, used 9371K [0x05000000, 0x06730000, 0x0faa0000)
  eden space 19008K,  41% used [0x05000000, 0x057b5a38, 0x06290000)
  from space 2368K,  62% used [0x06290000, 0x06401550, 0x064e0000)
  to   space 2368K,   0% used [0x064e0000, 0x064e0000, 0x06730000)
 tenured generation   total 47192K, used 31102K [0x0faa0000, 0x128b6000, 0x25000000)
   the space 47192K,  65% used [0x0faa0000, 0x118ff9e8, 0x118ffa00, 0x128b6000)
 Metaspace       used 33873K, capacity 34858K, committed 34944K, reserved 35200K

Card table byte_map: [0x04ea0000,0x04fb0000] byte_map_base: 0x04e78000

Polling page: 0x01080000

CodeCache: size=32768Kb used=6145Kb max_used=6165Kb free=26622Kb
 bounds [0x02ea0000, 0x034b0000, 0x04ea0000]
 total_blobs=3691 nmethods=3207 adapters=413
 compilation: enabled

Compilation events (10 events):
Event: 6.588 Thread 0x2553d000 3279             com.android.utils.PositionXmlParser::getPosition (7 bytes)
Event: 6.588 Thread 0x2553d000 nmethod 3279 0x0324d948 code [0x0324da50, 0x0324db08]
Event: 6.588 Thread 0x2553d000 3280             com.android.utils.PositionXmlParser::getPosition (22 bytes)
Event: 6.588 Thread 0x2553d000 nmethod 3280 0x0346f6c8 code [0x0346f7d0, 0x0346f888]
Event: 6.588 Thread 0x2553d000 3281             com.android.utils.PositionXmlParser::getPositionHelper (757 bytes)
Event: 6.590 Thread 0x2553d000 nmethod 3281 0x031cd2c8 code [0x031cd6b0, 0x031cec48]
Event: 6.590 Thread 0x2553d000 3282             com.android.ide.common.blame.SourceFilePosition::equals (55 bytes)
Event: 6.590 Thread 0x2553d000 nmethod 3282 0x0346f248 code [0x0346f360, 0x0346f558]
Event: 6.590 Thread 0x2553d000 3283             sun.nio.cs.UTF_8$Encoder::encodeArrayLoop (489 bytes)
Event: 6.591 Thread 0x2553d000 nmethod 3283 0x031f7808 code [0x031f7b50, 0x031f884c]

GC Heap History (10 events):
Event: 6.050 GC heap before
{Heap before GC invocations=86 (full 3):
 def new generation   total 13056K, used 12625K [0x05000000, 0x05e20000, 0x0faa0000)
  eden space 11648K, 100% used [0x05000000, 0x05b60000, 0x05b60000)
  from space 1408K,  69% used [0x05cc0000, 0x05db4698, 0x05e20000)
  to   space 1408K,   0% used [0x05b60000, 0x05b60000, 0x05cc0000)
 tenured generation   total 28648K, used 26582K [0x0faa0000, 0x1169a000, 0x25000000)
   the space 28648K,  92% used [0x0faa0000, 0x11495bd8, 0x11495c00, 0x1169a000)
 Metaspace       used 32078K, capacity 33031K, committed 33152K, reserved 33152K
Event: 6.055 GC heap after
Heap after GC invocations=87 (full 3):
 def new generation   total 13056K, used 931K [0x05000000, 0x05e20000, 0x0faa0000)
  eden space 11648K,   0% used [0x05000000, 0x05000000, 0x05b60000)
  from space 1408K,  66% used [0x05b60000, 0x05c48f28, 0x05cc0000)
  to   space 1408K,   0% used [0x05cc0000, 0x05cc0000, 0x05e20000)
 tenured generation   total 28648K, used 27393K [0x0faa0000, 0x1169a000, 0x25000000)
   the space 28648K,  95% used [0x0faa0000, 0x11560780, 0x11560800, 0x1169a000)
 Metaspace       used 32078K, capacity 33031K, committed 33152K, reserved 33152K
}
Event: 6.189 GC heap before
{Heap before GC invocations=87 (full 3):
 def new generation   total 13056K, used 12579K [0x05000000, 0x05e20000, 0x0faa0000)
  eden space 11648K, 100% used [0x05000000, 0x05b60000, 0x05b60000)
  from space 1408K,  66% used [0x05b60000, 0x05c48f28, 0x05cc0000)
  to   space 1408K,   0% used [0x05cc0000, 0x05cc0000, 0x05e20000)
 tenured generation   total 28648K, used 27393K [0x0faa0000, 0x1169a000, 0x25000000)
   the space 28648K,  95% used [0x0faa0000, 0x11560780, 0x11560800, 0x1169a000)
 Metaspace       used 32381K, capacity 33331K, committed 33408K, reserved 34176K
Event: 6.194 GC heap after
Heap after GC invocations=88 (full 3):
 def new generation   total 13056K, used 743K [0x05000000, 0x05e20000, 0x0faa0000)
  eden space 11648K,   0% used [0x05000000, 0x05000000, 0x05b60000)
  from space 1408K,  52% used [0x05cc0000, 0x05d79d60, 0x05e20000)
  to   space 1408K,   0% used [0x05b60000, 0x05b60000, 0x05cc0000)
 tenured generation   total 28648K, used 27997K [0x0faa0000, 0x1169a000, 0x25000000)
   the space 28648K,  97% used [0x0faa0000, 0x115f77d0, 0x115f7800, 0x1169a000)
 Metaspace       used 32381K, capacity 33331K, committed 33408K, reserved 34176K
}
Event: 6.283 GC heap before
{Heap before GC invocations=88 (full 3):
 def new generation   total 13056K, used 12391K [0x05000000, 0x05e20000, 0x0faa0000)
  eden space 11648K, 100% used [0x05000000, 0x05b60000, 0x05b60000)
  from space 1408K,  52% used [0x05cc0000, 0x05d79d60, 0x05e20000)
  to   space 1408K,   0% used [0x05b60000, 0x05b60000, 0x05cc0000)
 tenured generation   total 28648K, used 27997K [0x0faa0000, 0x1169a000, 0x25000000)
   the space 28648K,  97% used [0x0faa0000, 0x115f77d0, 0x115f7800, 0x1169a000)
 Metaspace       used 32403K, capacity 33363K, committed 33408K, reserved 34176K
Event: 6.371 GC heap after
Heap after GC invocations=89 (full 4):
 def new generation   total 21376K, used 0K [0x05000000, 0x06730000, 0x0faa0000)
  eden space 19008K,   0% used [0x05000000, 0x05000000, 0x06290000)
  from space 2368K,   0% used [0x06290000, 0x06290000, 0x064e0000)
  to   space 2368K,   0% used [0x064e0000, 0x064e0000, 0x06730000)
 tenured generation   total 47192K, used 28314K [0x0faa0000, 0x128b6000, 0x25000000)
   the space 47192K,  59% used [0x0faa0000, 0x11646928, 0x11646a00, 0x128b6000)
 Metaspace       used 32403K, capacity 33363K, committed 33408K, reserved 34176K
}
Event: 6.458 GC heap before
{Heap before GC invocations=89 (full 4):
 def new generation   total 21376K, used 19008K [0x05000000, 0x06730000, 0x0faa0000)
  eden space 19008K, 100% used [0x05000000, 0x06290000, 0x06290000)
  from space 2368K,   0% used [0x06290000, 0x06290000, 0x064e0000)
  to   space 2368K,   0% used [0x064e0000, 0x064e0000, 0x06730000)
 tenured generation   total 47192K, used 28314K [0x0faa0000, 0x128b6000, 0x25000000)
   the space 47192K,  59% used [0x0faa0000, 0x11646928, 0x11646a00, 0x128b6000)
 Metaspace       used 32403K, capacity 33363K, committed 33408K, reserved 34176K
Event: 6.464 GC heap after
Heap after GC invocations=90 (full 4):
 def new generation   total 21376K, used 2368K [0x05000000, 0x06730000, 0x0faa0000)
  eden space 19008K,   0% used [0x05000000, 0x05000000, 0x06290000)
  from space 2368K, 100% used [0x064e0000, 0x06730000, 0x06730000)
  to   space 2368K,   0% used [0x06290000, 0x06290000, 0x064e0000)
 tenured generation   total 47192K, used 28735K [0x0faa0000, 0x128b6000, 0x25000000)
   the space 47192K,  60% used [0x0faa0000, 0x116afdf8, 0x116afe00, 0x128b6000)
 Metaspace       used 32403K, capacity 33363K, committed 33408K, reserved 34176K
}
Event: 6.542 GC heap before
{Heap before GC invocations=90 (full 4):
 def new generation   total 21376K, used 21376K [0x05000000, 0x06730000, 0x0faa0000)
  eden space 19008K, 100% used [0x05000000, 0x06290000, 0x06290000)
  from space 2368K, 100% used [0x064e0000, 0x06730000, 0x06730000)
  to   space 2368K,   0% used [0x06290000, 0x06290000, 0x064e0000)
 tenured generation   total 47192K, used 28735K [0x0faa0000, 0x128b6000, 0x25000000)
   the space 47192K,  60% used [0x0faa0000, 0x116afdf8, 0x116afe00, 0x128b6000)
 Metaspace       used 33008K, capacity 33957K, committed 34048K, reserved 34176K
Event: 6.551 GC heap after
Heap after GC invocations=91 (full 4):
 def new generation   total 21376K, used 1477K [0x05000000, 0x06730000, 0x0faa0000)
  eden space 19008K,   0% used [0x05000000, 0x05000000, 0x06290000)
  from space 2368K,  62% used [0x06290000, 0x06401550, 0x064e0000)
  to   space 2368K,   0% used [0x064e0000, 0x064e0000, 0x06730000)
 tenured generation   total 47192K, used 31102K [0x0faa0000, 0x128b6000, 0x25000000)
   the space 47192K,  65% used [0x0faa0000, 0x118ff9e8, 0x118ffa00, 0x128b6000)
 Metaspace       used 33008K, capacity 33957K, committed 34048K, reserved 34176K
}

Deoptimization events (0 events):
No events

Internal exceptions (10 events):
Event: 6.502 Thread 0x26713800 Exception <a 'java/lang/NoSuchMethodError': <clinit>> (0x0550a4c8) thrown at [C:\re\workspace\8-2-build-windows-i586-cygwin\jdk8u131\8869\hotspot\src\share\vm\prims\jni.cpp, line 1613]
Event: 6.503 Thread 0x26713800 Exception <a 'java/lang/NoSuchMethodError': <clinit>> (0x055304d0) thrown at [C:\re\workspace\8-2-build-windows-i586-cygwin\jdk8u131\8869\hotspot\src\share\vm\prims\jni.cpp, line 1613]
Event: 6.503 Thread 0x26713800 Exception <a 'java/lang/NoSuchMethodError': <clinit>> (0x055381d8) thrown at [C:\re\workspace\8-2-build-windows-i586-cygwin\jdk8u131\8869\hotspot\src\share\vm\prims\jni.cpp, line 1613]
Event: 6.503 Thread 0x26713800 Exception <a 'java/lang/NoSuchMethodError': <clinit>> (0x0553b520) thrown at [C:\re\workspace\8-2-build-windows-i586-cygwin\jdk8u131\8869\hotspot\src\share\vm\prims\jni.cpp, line 1613]
Event: 6.504 Thread 0x26713800 Exception <a 'java/lang/NoSuchMethodError': <clinit>> (0x05551f10) thrown at [C:\re\workspace\8-2-build-windows-i586-cygwin\jdk8u131\8869\hotspot\src\share\vm\prims\jni.cpp, line 1613]
Event: 6.505 Thread 0x26713800 Exception <a 'java/lang/NoSuchMethodError': <clinit>> (0x0556f4c8) thrown at [C:\re\workspace\8-2-build-windows-i586-cygwin\jdk8u131\8869\hotspot\src\share\vm\prims\jni.cpp, line 1613]
Event: 6.505 Thread 0x26713800 Exception <a 'java/lang/NoSuchMethodError': <clinit>> (0x05572348) thrown at [C:\re\workspace\8-2-build-windows-i586-cygwin\jdk8u131\8869\hotspot\src\share\vm\prims\jni.cpp, line 1613]
Event: 6.506 Thread 0x26713800 Exception <a 'java/lang/NoSuchMethodError': <clinit>> (0x05581220) thrown at [C:\re\workspace\8-2-build-windows-i586-cygwin\jdk8u131\8869\hotspot\src\share\vm\prims\jni.cpp, line 1613]
Event: 6.540 Thread 0x27b74c00 Exception <a 'java/io/FileNotFoundException'> (0x061ab1b8) thrown at [C:\re\workspace\8-2-build-windows-i586-cygwin\jdk8u131\8869\hotspot\src\share\vm\prims\jni.cpp, line 709]
Event: 6.562 Thread 0x27b74c00 Exception <a 'java/io/FileNotFoundException'> (0x0536aef0) thrown at [C:\re\workspace\8-2-build-windows-i586-cygwin\jdk8u131\8869\hotspot\src\share\vm\prims\jni.cpp, line 709]

Events (10 events):
Event: 6.599 loading class com/android/tools/aapt2/Aapt2Result$Builder
Event: 6.599 loading class com/android/tools/aapt2/Aapt2Result$Builder done
Event: 6.599 loading class javax/imageio/metadata/IIOMetadata
Event: 6.599 loading class javax/imageio/metadata/IIOMetadata done
Event: 6.599 loading class com/android/tools/aapt2/AutoValue_Aapt2Result$Builder
Event: 6.599 loading class com/android/tools/aapt2/AutoValue_Aapt2Result$Builder done
Event: 6.599 loading class com/sun/imageio/plugins/png/PNGMetadata done
Event: 6.599 loading class com/android/tools/aapt2/AutoValue_Aapt2Result
Event: 6.599 loading class com/android/tools/aapt2/AutoValue_Aapt2Result done
Event: 6.599 loading class com/sun/imageio/plugins/png/ChunkStream


Dynamic libraries:
0x00310000 - 0x00343000 	C:\Program Files (x86)\Java\jdk1.8.0_131\bin\java.exe
0x776c0000 - 0x77843000 	C:\Windows\SYSTEM32\ntdll.dll
0x77000000 - 0x770e0000 	C:\Windows\System32\KERNEL32.DLL
0x766d0000 - 0x76871000 	C:\Windows\System32\KERNELBASE.dll
0x73200000 - 0x73292000 	C:\Windows\system32\apphelp.dll
0x757a0000 - 0x75817000 	C:\Windows\System32\ADVAPI32.dll
0x769b0000 - 0x76a6e000 	C:\Windows\System32\msvcrt.dll
0x76450000 - 0x76491000 	C:\Windows\System32\sechost.dll
0x76380000 - 0x76441000 	C:\Windows\System32\RPCRT4.dll
0x74180000 - 0x7419f000 	C:\Windows\System32\SspiCli.dll
0x74170000 - 0x7417a000 	C:\Windows\System32\CRYPTBASE.dll
0x75820000 - 0x7587a000 	C:\Windows\System32\bcryptPrimitives.dll
0x77210000 - 0x7736f000 	C:\Windows\System32\USER32.dll
0x75710000 - 0x75725000 	C:\Windows\System32\win32u.dll
0x76920000 - 0x7694b000 	C:\Windows\System32\GDI32.dll
0x76050000 - 0x761aa000 	C:\Windows\System32\gdi32full.dll
0x71300000 - 0x7150a000 	C:\Windows\WinSxS\x86_microsoft.windows.common-controls_6595b64144ccf1df_6.0.14393.953_none_89c2555adb023171\COMCTL32.dll
0x774a0000 - 0x776b1000 	C:\Windows\System32\combase.dll
0x76b10000 - 0x76bf0000 	C:\Windows\System32\ucrtbase.dll
0x77470000 - 0x77495000 	C:\Windows\System32\IMM32.DLL
0x68050000 - 0x6810f000 	C:\Program Files (x86)\Java\jdk1.8.0_131\jre\bin\msvcr100.dll
0x57980000 - 0x57d4e000 	C:\Program Files (x86)\Java\jdk1.8.0_131\jre\bin\client\jvm.dll
0x76200000 - 0x76206000 	C:\Windows\System32\PSAPI.DLL
0x73d50000 - 0x73d74000 	C:\Windows\SYSTEM32\WINMM.dll
0x6fd10000 - 0x6fd18000 	C:\Windows\SYSTEM32\WSOCK32.dll
0x74130000 - 0x74138000 	C:\Windows\SYSTEM32\VERSION.dll
0x75730000 - 0x75793000 	C:\Windows\System32\WS2_32.dll
0x73d20000 - 0x73d43000 	C:\Windows\SYSTEM32\WINMMBASE.dll
0x770e0000 - 0x77116000 	C:\Windows\System32\cfgmgr32.dll
0x6fd80000 - 0x6fd8c000 	C:\Program Files (x86)\Java\jdk1.8.0_131\jre\bin\verify.dll
0x6fd50000 - 0x6fd71000 	C:\Program Files (x86)\Java\jdk1.8.0_131\jre\bin\java.dll
0x6fd30000 - 0x6fd43000 	C:\Program Files (x86)\Java\jdk1.8.0_131\jre\bin\zip.dll
0x741b0000 - 0x75588000 	C:\Windows\System32\SHELL32.dll
0x75910000 - 0x75e7e000 	C:\Windows\System32\windows.storage.dll
0x75e80000 - 0x75ec5000 	C:\Windows\System32\powrprof.dll
0x76230000 - 0x76276000 	C:\Windows\System32\shlwapi.dll
0x75ed0000 - 0x75edd000 	C:\Windows\System32\kernel.appcore.dll
0x76a80000 - 0x76b08000 	C:\Windows\System32\shcore.dll
0x77370000 - 0x7737f000 	C:\Windows\System32\profapi.dll
0x68540000 - 0x68556000 	C:\Program Files (x86)\Java\jdk1.8.0_131\jre\bin\net.dll
0x72200000 - 0x7224e000 	C:\Windows\system32\mswsock.dll
0x6fd20000 - 0x6fd2f000 	C:\Program Files (x86)\Java\jdk1.8.0_131\jre\bin\nio.dll
0x684f0000 - 0x68509000 	C:\Users\xiangyao\.gradle\native\25\windows-i386\native-platform.dll
0x68040000 - 0x6804a000 	C:\Program Files (x86)\Java\jdk1.8.0_131\jre\bin\management.dll
0x72a10000 - 0x72a23000 	C:\Windows\SYSTEM32\CRYPTSP.dll
0x729e0000 - 0x72a0f000 	C:\Windows\system32\rsaenh.dll
0x72260000 - 0x7227b000 	C:\Windows\SYSTEM32\bcrypt.dll
0x74150000 - 0x7416a000 	C:\Windows\SYSTEM32\USERENV.dll
0x73ff0000 - 0x7401f000 	C:\Windows\SYSTEM32\IPHLPAPI.DLL
0x741a0000 - 0x741a7000 	C:\Windows\System32\NSI.dll
0x72280000 - 0x72293000 	C:\Windows\SYSTEM32\dhcpcsvc6.DLL
0x73cb0000 - 0x73cc4000 	C:\Windows\SYSTEM32\dhcpcsvc.DLL
0x64b40000 - 0x64b58000 	C:\Users\xiangyao\AppData\Local\Temp\aapt2_3657521901048496061\libwinpthread-1.dll
0x63940000 - 0x63c05000 	C:\Users\xiangyao\AppData\Local\Temp\aapt2_3657521901048496061\libaapt2_jni.dll
0x575f0000 - 0x57735000 	C:\Program Files (x86)\Java\jdk1.8.0_131\jre\bin\awt.dll
0x76880000 - 0x76914000 	C:\Windows\System32\OLEAUT32.dll
0x77390000 - 0x7740b000 	C:\Windows\System32\msvcp_win.dll
0x6fe20000 - 0x6fe3f000 	C:\Windows\system32\DWMAPI.DLL
0x6fe40000 - 0x6feb5000 	C:\Windows\system32\uxtheme.dll
0x65f00000 - 0x65f24000 	C:\Program Files (x86)\Java\jdk1.8.0_131\jre\bin\dcpr.dll
0x72850000 - 0x72995000 	C:\Windows\SYSTEM32\dbghelp.dll

VM Arguments:
jvm_args: -Xmx512m -Dfile.encoding=GBK -Duser.country=CN -Duser.language=zh -Duser.variant 
java_command: org.gradle.launcher.daemon.bootstrap.GradleDaemon 4.1
java_class_path (initial): C:\Users\xiangyao\.gradle\wrapper\dists\gradle-4.1-all\bzyivzo6n839fup2jbap0tjew\gradle-4.1\lib\gradle-launcher-4.1.jar
Launcher Type: SUN_STANDARD

Environment Variables:
JAVA_HOME=C:\Program Files (x86)\Java\jdk1.8.0_131
PATH=C:\ProgramData\Oracle\Java\javapath;C:\Program Files (x86)\Intel\iCLS Client\;C:\Program Files\Intel\iCLS Client\;C:\Windows\system32;C:\Windows;C:\Windows\System32\Wbem;C:\Windows\System32\WindowsPowerShell\v1.0\;C:\Program Files (x86)\Intel\Intel(R) Management Engine Components\DAL;C:\Program Files\Intel\Intel(R) Management Engine Components\DAL;C:\Program Files (x86)\Intel\Intel(R) Management Engine Components\IPT;C:\Program Files\Intel\Intel(R) Management Engine Components\IPT;C:\Program Files\Intel\WiFi\bin\;C:\Program Files\Common Files\Intel\WirelessCommon\;C:\Program Files (x86)\NVIDIA Corporation\PhysX\Common;C:\Program Files\TortoiseSVN\bin;C:\Program Files (x86)\Java\jdk1.8.0_131\bin;D:\as_conponets\platform-tools;C:\Users\xiangyao\AppData\Local\Microsoft\WindowsApps;
USERNAME=xiangyao
OS=Windows_NT
PROCESSOR_IDENTIFIER=Intel64 Family 6 Model 158 Stepping 9, GenuineIntel



---------------  S Y S T E M  ---------------

OS: Windows 10.0 , 64 bit Build 14393 (10.0.14393.1198)

CPU:total 8 (initial active 8) (4 cores per cpu, 2 threads per core) family 6 model 158 stepping 9, cmov, cx8, fxsr, mmx, sse, sse2, sse3, ssse3, sse4.1, sse4.2, popcnt, avx, avx2, aes, clmul, erms, 3dnowpref, lzcnt, ht, tsc, tscinvbit, bmi1, bmi2, adx

Memory: 4k page, physical 8306484k(1814964k free), swap 13025076k(3573772k free)

vm_info: Java HotSpot(TM) Client VM (25.131-b11) for windows-x86 JRE (1.8.0_131-b11), built on Mar 15 2017 01:26:29 by "java_re" with MS VC++ 10.0 (VS2010)

time: Sat Nov 11 19:09:40 2017
elapsed time: 6 seconds (0d 0h 0m 6s)

